# JRE version: Java(TM) SE Runtime Environment (15.0+36) (build 15+36-1562)
# Java VM: Java HotSpot(TM) 64-Bit Server VM (15+36-1562, mixed mode, sharing, tiered, compressed oops, g1 gc, windows-amd64)
GC Precious Log:
 CPUs: 8 total, 8 available
 Memory: 7103M
 Large Page Support: Disabled
 NUMA Support: Disabled
 Compressed Oops: Enabled (32-bit)
 Heap Region Size: 1M
 Heap Min Capacity: 8M
 Heap Initial Capacity: 112M
 Heap Max Capacity: 1776M
 Pre-touch: Disabled
 Parallel Workers: 8
 Concurrent Workers: 2
 Concurrent Refinement Workers: 8
 Periodic GC: Disabled
Heap:
 garbage-first heap   total 177152K, used 82901K [0x0000000091000000, 0x0000000100000000)
  region size 1024K, 13 young (13312K), 7 survivors (7168K)
 Metaspace       used 39058K, capacity 39361K, committed 39424K, reserved 1083392K
  class space    used 4442K, capacity 4546K, committed 4608K, reserved 1048576K
GC Heap History (20 events):
Event: 4.709 GC heap before
{Heap before GC invocations=4 (full 0):
 garbage-first heap   total 114688K, used 69632K [0x0000000091000000, 0x0000000100000000)
  region size 1024K, 41 young (41984K), 4 survivors (4096K)
 Metaspace       used 16306K, capacity 16487K, committed 16768K, reserved 1064960K
  class space    used 1555K, capacity 1606K, committed 1664K, reserved 1048576K
}
Event: 4.728 GC heap after
{Heap after GC invocations=5 (full 0):
 garbage-first heap   total 147456K, used 36205K [0x0000000091000000, 0x0000000100000000)
  region size 1024K, 4 young (4096K), 4 survivors (4096K)
 Metaspace       used 16306K, capacity 16487K, committed 16768K, reserved 1064960K
  class space    used 1555K, capacity 1606K, committed 1664K, reserved 1048576K
}
Event: 5.929 GC heap before
{Heap before GC invocations=5 (full 0):
 garbage-first heap   total 147456K, used 99693K [0x0000000091000000, 0x0000000100000000)
  region size 1024K, 59 young (60416K), 4 survivors (4096K)
 Metaspace       used 20545K, capacity 20810K, committed 20864K, reserved 1069056K
  class space    used 2099K, capacity 2170K, committed 2176K, reserved 1048576K
}
Event: 5.947 GC heap after
{Heap after GC invocations=6 (full 0):
 garbage-first heap   total 147456K, used 48438K [0x0000000091000000, 0x0000000100000000)
  region size 1024K, 8 young (8192K), 8 survivors (8192K)
 Metaspace       used 20545K, capacity 20810K, committed 20864K, reserved 1069056K
  class space    used 2099K, capacity 2170K, committed 2176K, reserved 1048576K
}
Event: 6.320 GC heap before
{Heap before GC invocations=6 (full 0):
 garbage-first heap   total 147456K, used 87350K [0x0000000091000000, 0x0000000100000000)
  region size 1024K, 40 young (40960K), 8 survivors (8192K)
 Metaspace       used 20881K, capacity 21133K, committed 21248K, reserved 1069056K
  class space    used 2134K, capacity 2211K, committed 2304K, reserved 1048576K
}
Event: 6.338 GC heap after
{Heap after GC invocations=7 (full 0):
 garbage-first heap   total 147456K, used 49911K [0x0000000091000000, 0x0000000100000000)
  region size 1024K, 5 young (5120K), 5 survivors (5120K)
 Metaspace       used 20881K, capacity 21133K, committed 21248K, reserved 1069056K
  class space    used 2134K, capacity 2211K, committed 2304K, reserved 1048576K
}
Event: 7.247 GC heap before
{Heap before GC invocations=8 (full 0):
 garbage-first heap   total 147456K, used 98039K [0x0000000091000000, 0x0000000100000000)
  region size 1024K, 52 young (53248K), 5 survivors (5120K)
 Metaspace       used 23600K, capacity 23873K, committed 24064K, reserved 1071104K
  class space    used 2461K, capacity 2542K, committed 2560K, reserved 1048576K
}
Event: 7.264 GC heap after
{Heap after GC invocations=9 (full 0):
 garbage-first heap   total 147456K, used 54637K [0x0000000091000000, 0x0000000100000000)
  region size 1024K, 6 young (6144K), 6 survivors (6144K)
 Metaspace       used 23600K, capacity 23873K, committed 24064K, reserved 1071104K
  class space    used 2461K, capacity 2542K, committed 2560K, reserved 1048576K
}
Event: 7.275 GC heap before
{Heap before GC invocations=9 (full 0):
 garbage-first heap   total 147456K, used 55661K [0x0000000091000000, 0x0000000100000000)
  region size 1024K, 7 young (7168K), 6 survivors (6144K)
 Metaspace       used 23642K, capacity 23969K, committed 24192K, reserved 1071104K
  class space    used 2471K, capacity 2574K, committed 2688K, reserved 1048576K
}
Event: 7.296 GC heap after
{Heap after GC invocations=10 (full 0):
 garbage-first heap   total 177152K, used 47101K [0x0000000091000000, 0x0000000100000000)
  region size 1024K, 1 young (1024K), 1 survivors (1024K)
 Metaspace       used 23642K, capacity 23969K, committed 24192K, reserved 1071104K
  class space    used 2471K, capacity 2574K, committed 2688K, reserved 1048576K
}
Event: 8.838 GC heap before
{Heap before GC invocations=10 (full 0):
 garbage-first heap   total 177152K, used 116733K [0x0000000091000000, 0x0000000100000000)
  region size 1024K, 69 young (70656K), 1 survivors (1024K)
 Metaspace       used 28264K, capacity 28551K, committed 28800K, reserved 1075200K
  class space    used 3031K, capacity 3120K, committed 3200K, reserved 1048576K
}
Event: 8.849 GC heap after
{Heap after GC invocations=11 (full 0):
 garbage-first heap   total 177152K, used 53596K [0x0000000091000000, 0x0000000100000000)
  region size 1024K, 8 young (8192K), 8 survivors (8192K)
 Metaspace       used 28264K, capacity 28551K, committed 28800K, reserved 1075200K
  class space    used 3031K, capacity 3120K, committed 3200K, reserved 1048576K
}
Event: 10.319 GC heap before
{Heap before GC invocations=11 (full 0):
 garbage-first heap   total 177152K, used 122204K [0x0000000091000000, 0x0000000100000000)
  region size 1024K, 75 young (76800K), 8 survivors (8192K)
 Metaspace       used 31234K, capacity 31476K, committed 31744K, reserved 1077248K
  class space    used 3376K, capacity 3476K, committed 3584K, reserved 1048576K
}
Event: 10.334 GC heap after
{Heap after GC invocations=12 (full 0):
 garbage-first heap   total 177152K, used 60828K [0x0000000091000000, 0x0000000100000000)
  region size 1024K, 8 young (8192K), 8 survivors (8192K)
 Metaspace       used 31234K, capacity 31476K, committed 31744K, reserved 1077248K
  class space    used 3376K, capacity 3476K, committed 3584K, reserved 1048576K
}
Event: 12.133 GC heap before
{Heap before GC invocations=12 (full 0):
 garbage-first heap   total 177152K, used 126364K [0x0000000091000000, 0x0000000100000000)
  region size 1024K, 72 young (73728K), 8 survivors (8192K)
 Metaspace       used 35498K, capacity 35768K, committed 35840K, reserved 1081344K
  class space    used 3947K, capacity 4032K, committed 4096K, reserved 1048576K
}
Event: 12.148 GC heap after
{Heap after GC invocations=13 (full 0):
 garbage-first heap   total 177152K, used 67519K [0x0000000091000000, 0x0000000100000000)
  region size 1024K, 7 young (7168K), 7 survivors (7168K)
 Metaspace       used 35498K, capacity 35768K, committed 35840K, reserved 1081344K
  class space    used 3947K, capacity 4032K, committed 4096K, reserved 1048576K
}
Event: 12.149 GC heap before
{Heap before GC invocations=13 (full 0):
 garbage-first heap   total 177152K, used 67519K [0x0000000091000000, 0x0000000100000000)
  region size 1024K, 8 young (8192K), 7 survivors (7168K)
 Metaspace       used 35508K, capacity 35768K, committed 35840K, reserved 1081344K
  class space    used 3948K, capacity 4032K, committed 4096K, reserved 1048576K
}
Event: 12.157 GC heap after
{Heap after GC invocations=14 (full 0):
 garbage-first heap   total 177152K, used 67846K [0x0000000091000000, 0x0000000100000000)
  region size 1024K, 1 young (1024K), 1 survivors (1024K)
 Metaspace       used 35508K, capacity 35768K, committed 35840K, reserved 1081344K
  class space    used 3948K, capacity 4032K, committed 4096K, reserved 1048576K
}
Event: 18.453 GC heap before
{Heap before GC invocations=15 (full 0):
 garbage-first heap   total 177152K, used 141574K [0x0000000091000000, 0x0000000100000000)
  region size 1024K, 68 young (69632K), 1 survivors (1024K)
 Metaspace       used 38785K, capacity 39073K, committed 39168K, reserved 1083392K
  class space    used 4415K, capacity 4514K, committed 4608K, reserved 1048576K
}
Event: 18.463 GC heap after
{Heap after GC invocations=16 (full 0):
 garbage-first heap   total 177152K, used 77781K [0x0000000091000000, 0x0000000100000000)
  region size 1024K, 7 young (7168K), 7 survivors (7168K)
 Metaspace       used 38785K, capacity 39073K, committed 39168K, reserved 1083392K
  class space    used 4415K, capacity 4514K, committed 4608K, reserved 1048576K
}

